#ID     Ln(Age/yr)    sigma(Ln(Age/yr))  Ln(StM/MSun)  sigma(Ln(StM/MSun))   EBV    sigma(EBV)    ln(tau)   sigma(ln(tau))    BF_Chi2     Quality(1=best) 
 1	0.224130E+02 	 0.104369E+01 	 0.228323E+02 	 0.480084E+00 	 0.326047E+00 	 0.619669E-01  	 0.137318E+01 	 0.105917E+01  	9.50      	1
2	0.181904E+02 	 0.169877E+00 	 0.204869E+02 	 0.945618E-01 	 0.345979E+00 	 0.975027E-02  	 -0.212092E+01 	 0.582581E+00  	131.51    	1
3	0.193413E+02 	 0.466995E+00 	 0.230159E+02 	 0.148443E+00 	 0.316127E+00 	 0.168931E-01  	 -0.224593E+01 	 0.116436E+01  	64.41     	1
4	0.193855E+02 	 0.351019E+00 	 0.227336E+02 	 0.119484E+00 	 0.294839E+00 	 0.174573E-01  	 -0.213908E+01 	 0.900337E+00  	21.85     	1
5	0.202705E+02 	 0.411067E+00 	 0.246037E+02 	 0.118466E+00 	 0.461056E+00 	 0.187291E-01  	 -0.115632E+01 	 0.756845E+00  	18.42     	1
6	0.192924E+02 	 0.581955E+00 	 0.211694E+02 	 0.239983E+00 	 0.282349E+00 	 0.283093E-01  	 -0.221093E+01 	 0.110915E+01  	3.80      	1
7	0.210176E+02 	 0.506781E+00 	 0.210749E+02 	 0.185116E+00 	 0.970426E-01 	 0.412638E-01  	 -0.481986E+00 	 0.843327E+00  	9.02      	1
8	0.198603E+02 	 0.215203E+00 	 0.217947E+02 	 0.698737E-01 	 0.148706E+00 	 0.235898E-01  	 -0.211988E+01 	 0.238999E+00  	26.44     	2
9	0.217842E+02 	 0.359315E+00 	 0.214406E+02 	 0.173072E+00 	 0.499981E-01 	 0.317751E-01  	 0.296602E+00 	 0.544748E+00  	7.72      	1
10	0.195964E+02 	 0.397189E+00 	 0.228387E+02 	 0.114118E+00 	 0.531902E+00 	 0.189338E-01  	 -0.213589E+01 	 0.747592E+00  	18.15     	1
11	0.196202E+02 	 0.336527E+00 	 0.226381E+02 	 0.971003E-01 	 0.248676E+00 	 0.169311E-01  	 -0.215232E+01 	 0.528326E+00  	8.50      	2
12	0.204681E+02 	 0.456878E+00 	 0.229742E+02 	 0.136724E+00 	 0.275740E+00 	 0.236258E-01  	 -0.114843E+01 	 0.612234E+00  	25.95     	2
13	0.201039E+02 	 0.350973E+00 	 0.213762E+02 	 0.109409E+00 	 0.949757E-01 	 0.220923E-01  	 -0.154118E+01 	 0.499981E+00  	12.25     	1
14	0.209081E+02 	 0.162504E+00 	 0.217357E+02 	 0.427151E-01 	 0.798829E-01 	 0.380887E-01  	 -0.150888E+01 	 0.201868E+00  	12.29     	1
15	0.220063E+02 	 0.298355E+00 	 0.238519E+02 	 0.138009E+00 	 0.427217E+00 	 0.250338E-01  	 0.159998E+01 	 0.384189E+00  	26.19     	1
16	0.206085E+02 	 0.152526E+00 	 0.231394E+02 	 0.344544E-01 	 0.184376E+00 	 0.289292E-01  	 -0.215822E+01 	 0.604315E-01  	6.62      	1
17	0.195345E+02 	 0.383232E+00 	 0.224579E+02 	 0.106358E+00 	 0.387485E+00 	 0.161986E-01  	 -0.216742E+01 	 0.843909E+00  	29.05     	1
18	0.202327E+02 	 0.471294E-01 	 0.253959E+02 	 0.183670E-01 	 0.243786E+00 	 0.104496E-01  	 -0.211838E+01 	 0.380517E-01  	48.56     	2
19	0.196991E+02 	 0.285767E+00 	 0.208085E+02 	 0.950195E-01 	 0.810547E-01 	 0.260884E-01  	 -0.213248E+01 	 0.399959E+00  	14.02     	1
20	0.192858E+02 	 0.474707E+00 	 0.201715E+02 	 0.240940E+00 	 0.150893E+00 	 0.206021E-01  	 -0.940301E+00 	 0.109106E+01  	17.47     	1
21	0.203744E+02 	 0.389103E+00 	 0.212695E+02 	 0.116146E+00 	 0.115180E+00 	 0.234430E-01  	 -0.126726E+01 	 0.802866E+00  	14.89     	1
22	0.197137E+02 	 0.203014E+00 	 0.227485E+02 	 0.706009E-01 	 0.245646E+00 	 0.131949E-01  	 -0.192119E+01 	 0.294028E+00  	21.66     	1
23	0.198874E+02 	 0.536175E-01 	 0.235740E+02 	 0.315349E-01 	 0.449791E+00 	 0.107754E-01  	 -0.215767E+01 	 0.536398E-01  	19.63     	1
24	0.199305E+02 	 0.210048E+00 	 0.217728E+02 	 0.678284E-01 	 0.216462E+00 	 0.209372E-01  	 -0.219775E+01 	 0.249221E+00  	12.50     	2
25	0.208151E+02 	 0.532386E+00 	 0.209238E+02 	 0.199319E+00 	 0.172695E+00 	 0.274646E-01  	 0.125388E+01 	 0.102365E+01  	11.46     	1
26	0.172335E+02 	 0.439730E+00 	 0.210044E+02 	 0.211224E+00 	 0.434373E+00 	 0.174715E-01  	 -0.223110E+01 	 0.113608E+01  	83.27     	1
27	0.202139E+02 	 0.240924E+00 	 0.220735E+02 	 0.793983E-01 	 0.253725E+00 	 0.220816E-01  	 -0.186002E+01 	 0.299667E+00  	13.19     	2
28	0.195504E+02 	 0.613023E+00 	 0.204040E+02 	 0.312107E+00 	 0.132792E+00 	 0.376233E-01  	 -0.217310E+01 	 0.109865E+01  	11.81     	1
NA    NA    NA      NA     NA     NA      NA     NA     NA    NA     3  
 30	0.196298E+02 	 0.537744E+00 	 0.207033E+02 	 0.282051E+00 	 0.184189E+00 	 0.225560E-01  	 0.136696E+01 	 0.108615E+01  	12.12     	1
31	0.196531E+02 	 0.116004E+00 	 0.209628E+02 	 0.653674E-01 	 0.149965E+00 	 0.279192E-01  	 -0.212148E+01 	 0.937923E-01  	80.85     	1
32	0.195792E+02 	 0.257145E+00 	 0.209739E+02 	 0.143101E+00 	 0.150115E+00 	 0.346814E-01  	 -0.218786E+01 	 0.998513E+00  	45.44     	1
33	0.200077E+02 	 0.753206E+00 	 0.215841E+02 	 0.407871E+00 	 0.626693E+00 	 0.348217E-01  	 -0.315975E+00 	 0.105782E+01  	145.44    	1
34	0.182081E+02 	 0.363338E+00 	 0.197221E+02 	 0.187472E+00 	 0.265752E+00 	 0.141821E-01  	 -0.215985E+01 	 0.116975E+01  	120.46    	1
35	0.213227E+02 	 0.484967E+00 	 0.241430E+02 	 0.191883E+00 	 0.387082E+00 	 0.264837E-01  	 0.155223E+01 	 0.767554E+00  	49.50     	1
36	0.211490E+02 	 0.213608E+00 	 0.246852E+02 	 0.244029E-01 	 0.162101E+00 	 0.425910E-01  	 -0.169544E+01 	 0.271180E+00  	23.44     	2
37	0.197370E+02 	 0.127313E+00 	 0.228157E+02 	 0.496273E-01 	 0.350791E+00 	 0.128031E-01  	 -0.212248E+01 	 0.148612E+00  	28.33     	1
38	0.202909E+02 	 0.117943E+00 	 0.222426E+02 	 0.424436E-01 	 0.240481E+00 	 0.165082E-01  	 -0.211057E+01 	 0.119071E+00  	9.99      	2
39	0.201814E+02 	 0.445638E+00 	 0.225910E+02 	 0.136418E+00 	 0.413078E+00 	 0.219789E-01  	 -0.115740E+01 	 0.970520E+00  	30.52     	1
40	0.185495E+02 	 0.151768E+00 	 0.223281E+02 	 0.101061E+00 	 0.492545E+00 	 0.878662E-02  	 -0.212835E+01 	 0.227190E+00  	252.56    	1
41	0.207828E+02 	 0.460312E+00 	 0.224858E+02 	 0.157398E+00 	 0.312367E+00 	 0.248698E-01  	 0.292182E-01 	 0.882632E+00  	29.00     	1
42	0.197354E+02 	 0.207872E+00 	 0.227289E+02 	 0.679131E-01 	 0.190578E+00 	 0.175021E-01  	 -0.212425E+01 	 0.247119E+00  	30.48     	2
43	0.214347E+02 	 0.490329E+00 	 0.208297E+02 	 0.194206E+00 	 0.125422E+00 	 0.318342E-01  	 0.152058E+01 	 0.755223E+00  	17.04     	1
44	0.188462E+02 	 0.469515E+00 	 0.208271E+02 	 0.217182E+00 	 0.431215E+00 	 0.194161E-01  	 -0.213575E+01 	 0.116149E+01  	36.30     	1
45	0.202763E+02 	 0.419185E+00 	 0.211367E+02 	 0.123208E+00 	 0.145849E+00 	 0.213287E-01  	 -0.128256E+01 	 0.951810E+00  	7.99      	1
46	0.204445E+02 	 0.336354E+00 	 0.214261E+02 	 0.108340E+00 	 0.115192E+00 	 0.238623E-01  	 -0.112198E+01 	 0.475499E+00  	13.02     	1
47	0.205547E+02 	 0.439543E+00 	 0.211393E+02 	 0.138036E+00 	 0.116425E+00 	 0.256230E-01  	 -0.729982E+00 	 0.904103E+00  	20.19     	1
48	0.201504E+02 	 0.256476E+00 	 0.236262E+02 	 0.786070E-01 	 0.472831E+00 	 0.220871E-01  	 -0.210683E+01 	 0.317042E+00  	16.90     	1
49	0.186175E+02 	 0.339953E+00 	 0.214245E+02 	 0.155740E+00 	 0.329250E+00 	 0.111387E-01  	 -0.215010E+01 	 0.118876E+01  	38.49     	1
50	0.202206E+02 	 0.420756E+00 	 0.227470E+02 	 0.138022E+00 	 0.304537E+00 	 0.190695E-01  	 -0.769422E+00 	 0.993669E+00  	36.84     	1
51	0.196058E+02 	 0.419476E+00 	 0.213327E+02 	 0.136090E+00 	 0.192967E+00 	 0.190185E-01  	 -0.174304E+01 	 0.108580E+01  	8.65      	1
52	0.216325E+02 	 0.482357E+00 	 0.240163E+02 	 0.203520E+00 	 0.436052E+00 	 0.323916E-01  	 0.159595E+01 	 0.530757E+00  	109.25    	1
53	0.208944E+02 	 0.157594E+00 	 0.237947E+02 	 0.246181E-01 	 0.161459E+00 	 0.350663E-01  	 -0.211760E+01 	 0.961669E-01  	140.36    	2
54	0.199713E+02 	 0.371109E+00 	 0.218795E+02 	 0.123037E+00 	 0.304895E+00 	 0.210517E-01  	 -0.169056E+01 	 0.979452E+00  	33.19     	1
55	0.197752E+02 	 0.160602E+00 	 0.230009E+02 	 0.546805E-01 	 0.397469E+00 	 0.145933E-01  	 -0.212116E+01 	 0.221413E+00  	27.00     	1
56	0.194580E+02 	 0.425691E+00 	 0.224210E+02 	 0.113031E+00 	 0.212587E+00 	 0.152357E-01  	 -0.226149E+01 	 0.111220E+01  	40.28     	1
57	0.196427E+02 	 0.152081E+00 	 0.207889E+02 	 0.600063E-01 	 0.723308E-01 	 0.193947E-01  	 -0.213501E+01 	 0.227194E+00  	22.55     	1
58	0.204483E+02 	 0.324435E+00 	 0.213086E+02 	 0.104759E+00 	 0.145470E+00 	 0.334270E-01  	 -0.134992E+01 	 0.395408E+00  	6.06      	1
59	0.216043E+02 	 0.997477E-01 	 0.232400E+02 	 0.592849E-01 	 0.157196E+00 	 0.202361E-01  	 -0.731397E+00 	 0.437030E-01  	15.43     	2
60	0.204603E+02 	 0.351519E+00 	 0.231426E+02 	 0.108236E+00 	 0.229763E+00 	 0.192569E-01  	 -0.102992E+01 	 0.667036E+00  	27.65     	1
61	0.197482E+02 	 0.278517E+00 	 0.212639E+02 	 0.942489E-01 	 0.225783E+00 	 0.265513E-01  	 -0.213795E+01 	 0.349212E+00  	7.25      	2
62	0.201804E+02 	 0.453083E+00 	 0.205962E+02 	 0.173673E+00 	 0.174223E+00 	 0.285821E-01  	 -0.117618E+01 	 0.101406E+01  	13.23     	1
63	0.210088E+02 	 0.555889E+00 	 0.206286E+02 	 0.187760E+00 	 0.885677E-01 	 0.298528E-01  	 0.493416E+00 	 0.100676E+01  	7.22      	1
64	0.212026E+02 	 0.517003E+00 	 0.217547E+02 	 0.213342E+00 	 0.131727E+00 	 0.295031E-01  	 0.158499E+01 	 0.774229E+00  	14.04     	1
65	0.184132E+02 	 0.531129E+00 	 0.198631E+02 	 0.268015E+00 	 0.268831E+00 	 0.227410E-01  	 -0.215027E+01 	 0.117367E+01  	13.46     	1
66	0.197537E+02 	 0.409613E+00 	 0.211265E+02 	 0.123742E+00 	 0.118728E+00 	 0.210146E-01  	 -0.174632E+01 	 0.101549E+01  	10.84     	1
67	0.213270E+02 	 0.323424E+00 	 0.251621E+02 	 0.759935E-01 	 0.134445E+00 	 0.108203E+00  	 -0.159573E+01 	 0.189829E+00  	21.75     	1
68	0.203785E+02 	 0.495120E+00 	 0.210598E+02 	 0.143849E+00 	 0.118805E+00 	 0.230910E-01  	 -0.737767E+00 	 0.111734E+01  	16.48     	1
69	0.187731E+02 	 0.316842E+00 	 0.225160E+02 	 0.123931E+00 	 0.427223E+00 	 0.861826E-02  	 -0.212270E+01 	 0.113715E+01  	65.28     	1
70	0.196702E+02 	 0.230257E+00 	 0.210790E+02 	 0.744259E-01 	 0.100907E+00 	 0.212155E-01  	 -0.212377E+01 	 0.309483E+00  	29.59     	2
71	0.209330E+02 	 0.165924E+00 	 0.240189E+02 	 0.244037E-01 	 0.161454E+00 	 0.406130E-01  	 -0.229813E+01 	 0.106057E+00  	38.72     	1
72	0.196250E+02 	 0.380757E+00 	 0.205643E+02 	 0.119327E+00 	 0.130504E+00 	 0.286090E-01  	 -0.216323E+01 	 0.678337E+00  	9.88      	1
73	0.196291E+02 	 0.313199E+00 	 0.204721E+02 	 0.952688E-01 	 0.342809E-01 	 0.223181E-01  	 -0.218117E+01 	 0.695176E+00  	14.48     	1
74	0.199057E+02 	 0.136569E+00 	 0.205629E+02 	 0.592439E-01 	 0.179477E-03 	 0.175247E-01  	 -0.212364E+01 	 0.181274E+00  	82.14     	2
75	0.213049E+02 	 0.116125E+00 	 0.246970E+02 	 0.701037E-01 	 0.178508E+00 	 0.148202E-01  	 -0.188028E+01 	 0.238420E+00  	28.94     	2
76	0.220909E+02 	 0.215037E+00 	 0.245471E+02 	 0.110416E+00 	 0.323358E+00 	 0.181779E-01  	 0.160547E+01 	 0.291177E+00  	27.28     	1
77	0.195797E+02 	 0.167643E+00 	 0.223457E+02 	 0.616302E-01 	 0.129947E+00 	 0.150239E-01  	 -0.212963E+01 	 0.396053E+00  	22.78     	1
78	0.199837E+02 	 0.281757E+00 	 0.252305E+02 	 0.797340E-01 	 0.368268E+00 	 0.319201E-01  	 -0.213374E+01 	 0.351272E+00  	52.39     	2
79	0.198216E+02 	 0.265597E+00 	 0.235805E+02 	 0.719849E-01 	 0.442155E+00 	 0.195517E-01  	 -0.213178E+01 	 0.411259E+00  	20.35     	1
NA    NA      NA     NA     NA      NA     NA     NA    NA    NA   3  
 81	0.210384E+02 	 0.169929E+00 	 0.231551E+02 	 0.359631E-01 	 0.158942E+00 	 0.477372E-01  	 -0.182547E+01 	 0.296329E+00  	23.37     	1
82	0.216908E+02 	 0.326922E+00 	 0.254334E+02 	 0.102807E+00 	 0.104141E+00 	 0.994584E-01  	 -0.915668E+00 	 0.384688E+00  	17.12     	1
83	0.212395E+02 	 0.447867E+00 	 0.211577E+02 	 0.163222E+00 	 0.106294E+00 	 0.294813E-01  	 0.205346E+00 	 0.785152E+00  	4.88      	1
84	0.205538E+02 	 0.925311E-01 	 0.249736E+02 	 0.307684E-01 	 0.318477E+00 	 0.159608E-01  	 -0.202050E+01 	 0.431054E-01  	16.24     	2
85	0.210871E+02 	 0.602074E+00 	 0.218862E+02 	 0.214381E+00 	 0.368442E+00 	 0.425383E-01  	 -0.435830E+00 	 0.918591E+00  	7.55      	1
86	0.181829E+02 	 0.325033E+00 	 0.212310E+02 	 0.169932E+00 	 0.256369E+00 	 0.114403E-01  	 -0.213896E+01 	 0.117792E+01  	17.28     	1
87	0.207925E+02 	 0.209526E+00 	 0.224735E+02 	 0.422827E-01 	 0.280996E+00 	 0.388746E-01  	 -0.206515E+01 	 0.287954E+00  	11.51     	1
88	0.198299E+02 	 0.223717E+00 	 0.221169E+02 	 0.750791E-01 	 0.232019E+00 	 0.175117E-01  	 -0.228876E+01 	 0.280921E+00  	23.59     	2
89	0.201341E+02 	 0.301575E+00 	 0.215070E+02 	 0.919267E-01 	 0.178342E+00 	 0.279013E-01  	 -0.205357E+01 	 0.346732E+00  	4.48      	2
90	0.198774E+02 	 0.184197E+00 	 0.214474E+02 	 0.637801E-01 	 0.201883E+00 	 0.256988E-01  	 -0.213349E+01 	 0.200321E+00  	28.66     	1
91	0.224118E+02 	 0.117563E+01 	 0.212635E+02 	 0.539920E+00 	 0.398153E-01 	 0.713341E-01  	 0.152645E+01 	 0.110360E+01  	14.29     	1
92	0.211677E+02 	 0.140127E+00 	 0.231401E+02 	 0.407222E-01 	 0.221986E+00 	 0.305952E-01  	 -0.133477E+01 	 0.259769E+00  	17.98     	1
93	0.193564E+02 	 0.362868E+00 	 0.218884E+02 	 0.114433E+00 	 0.182954E+00 	 0.152597E-01  	 -0.218133E+01 	 0.112676E+01  	42.04     	1
94	0.195761E+02 	 0.215408E+00 	 0.217962E+02 	 0.789654E-01 	 0.130354E+00 	 0.176406E-01  	 -0.213785E+01 	 0.383847E+00  	26.69     	1
NA    NA      NA     NA     NA      NA     NA     NA    NA    NA   3  
 96	0.212581E+02 	 0.224682E+00 	 0.240741E+02 	 0.356287E-01 	 0.263059E+00 	 0.367735E-01  	 -0.109269E+01 	 0.332289E+00  	23.00     	2
97	0.185254E+02 	 0.413336E+00 	 0.206709E+02 	 0.212141E+00 	 0.224707E+00 	 0.152244E-01  	 -0.227404E+01 	 0.113015E+01  	34.82     	1
98	0.200107E+02 	 0.107902E+00 	 0.228703E+02 	 0.343459E-01 	 0.185905E+00 	 0.150696E-01  	 -0.217187E+01 	 0.125665E+00  	24.58     	2
99	0.197474E+02 	 0.234207E+00 	 0.204196E+02 	 0.612050E-01 	 0.356995E-03 	 0.511170E-02  	 -0.212217E+01 	 0.376490E+00  	156.71    	2
NA    NA      NA     NA     NA      NA     NA     NA    NA    NA   3  
 101	0.198622E+02 	 0.261476E+00 	 0.245558E+02 	 0.710993E-01 	 0.347912E+00 	 0.185860E-01  	 -0.217890E+01 	 0.410573E+00  	21.28     	1
102	0.210345E+02 	 0.783120E-01 	 0.240271E+02 	 0.263707E-01 	 0.115383E+00 	 0.199634E-01  	 -0.229819E+01 	 0.931462E-01  	36.77     	2
103	0.196431E+02 	 0.337170E+00 	 0.206202E+02 	 0.131098E+00 	 0.100111E+00 	 0.285679E-01  	 -0.201197E+01 	 0.101120E+01  	38.94     	1
104	0.195436E+02 	 0.481517E+00 	 0.212220E+02 	 0.144456E+00 	 0.222376E+00 	 0.232442E-01  	 -0.224169E+01 	 0.105398E+01  	13.61     	1
105	0.200031E+02 	 0.428922E+00 	 0.212056E+02 	 0.167111E+00 	 0.268133E+00 	 0.253466E-01  	 -0.141718E+01 	 0.104053E+01  	24.65     	1
106	0.195406E+02 	 0.565614E+00 	 0.216790E+02 	 0.149793E+00 	 0.268156E+00 	 0.237042E-01  	 -0.211871E+01 	 0.996056E+00  	23.95     	2
107	0.195855E+02 	 0.241322E+00 	 0.237362E+02 	 0.904308E-01 	 0.274334E+00 	 0.143709E-01  	 -0.212777E+01 	 0.453532E+00  	27.20     	1
108	0.217597E+02 	 0.314369E+00 	 0.245648E+02 	 0.125124E+00 	 0.277703E+00 	 0.317696E-01  	 -0.158951E+00 	 0.305286E+00  	12.82     	1
109	0.195300E+02 	 0.384533E+00 	 0.222043E+02 	 0.112921E+00 	 0.340129E+00 	 0.175612E-01  	 -0.213561E+01 	 0.808518E+00  	30.78     	1
110	0.206641E+02 	 0.320794E+00 	 0.220966E+02 	 0.100314E+00 	 0.250633E+00 	 0.305932E-01  	 -0.117184E+01 	 0.389548E+00  	13.44     	1
111	0.209984E+02 	 0.610150E-01 	 0.238691E+02 	 0.187782E-01 	 0.161946E+00 	 0.189132E-01  	 -0.230199E+01 	 0.193685E-01  	28.66     	2
112	0.206603E+02 	 0.690481E-01 	 0.237908E+02 	 0.239294E-01 	 0.201875E+00 	 0.140437E-01  	 -0.229874E+01 	 0.299487E-01  	25.17     	1
113	0.196581E+02 	 0.256844E+00 	 0.210499E+02 	 0.824312E-01 	 0.143932E+00 	 0.203821E-01  	 -0.213661E+01 	 0.339404E+00  	25.45     	1
114	0.207367E+02 	 0.205308E+00 	 0.237024E+02 	 0.730660E-01 	 0.425135E+00 	 0.274052E-01  	 -0.125875E+01 	 0.224632E+00  	17.82     	1
115	0.219077E+02 	 0.705817E+00 	 0.240406E+02 	 0.219183E+00 	 0.549061E+00 	 0.373238E-01  	 0.144087E+01 	 0.103944E+01  	31.12     	1
116	0.196234E+02 	 0.474396E+00 	 0.221763E+02 	 0.150129E+00 	 0.366297E+00 	 0.207926E-01  	 -0.185180E+01 	 0.107339E+01  	37.51     	1
117	0.196474E+02 	 0.337374E+00 	 0.208453E+02 	 0.104208E+00 	 0.164754E+00 	 0.220359E-01  	 -0.225892E+01 	 0.711575E+00  	10.37     	1
118	0.208207E+02 	 0.473849E+00 	 0.209617E+02 	 0.146724E+00 	 0.880855E-01 	 0.286158E-01  	 -0.555512E+00 	 0.868245E+00  	15.40     	1
119	0.180055E+02 	 0.355609E+00 	 0.195768E+02 	 0.176740E+00 	 0.219724E+00 	 0.131785E-01  	 -0.164611E+01 	 0.108992E+01  	43.06     	1
120	0.196029E+02 	 0.389484E+00 	 0.207416E+02 	 0.121340E+00 	 0.927998E-01 	 0.243580E-01  	 -0.221943E+01 	 0.882645E+00  	24.54     	1
121	0.202378E+02 	 0.150864E+00 	 0.237635E+02 	 0.382963E-01 	 0.247285E+00 	 0.202040E-01  	 -0.211889E+01 	 0.178301E+00  	34.07     	2
122	0.199438E+02 	 0.239216E+00 	 0.203477E+02 	 0.773340E-01 	 0.163488E-01 	 0.207436E-01  	 -0.225926E+01 	 0.321263E+00  	21.45     	1
123	0.195813E+02 	 0.417578E+00 	 0.216179E+02 	 0.198971E+00 	 0.494148E+00 	 0.165112E-01  	 -0.526721E+00 	 0.106788E+01  	34.39     	1
124	0.196740E+02 	 0.415416E+00 	 0.203713E+02 	 0.129665E+00 	 0.148170E+00 	 0.228282E-01  	 -0.205330E+01 	 0.104758E+01  	14.06     	1
125	0.196133E+02 	 0.973068E-01 	 0.241705E+02 	 0.542570E-01 	 0.575328E+00 	 0.115499E-01  	 -0.214092E+01 	 0.971145E-01  	16.72     	2
126	0.205962E+02 	 0.491574E+00 	 0.217264E+02 	 0.173289E+00 	 0.232890E+00 	 0.220684E-01  	 0.703414E+00 	 0.107138E+01  	35.15     	1
127	0.182485E+02 	 0.262190E+00 	 0.208062E+02 	 0.126521E+00 	 0.133356E+00 	 0.834577E-02  	 -0.215099E+01 	 0.116027E+01  	30.91     	1
128	0.208948E+02 	 0.426489E+00 	 0.218635E+02 	 0.106989E+00 	 0.219802E+00 	 0.475023E-01  	 -0.113981E+01 	 0.479122E+00  	9.94      	2
129	0.199300E+02 	 0.808554E-01 	 0.206175E+02 	 0.359929E-01 	 0.682503E-02 	 0.140101E-01  	 -0.211869E+01 	 0.122851E+00  	65.30     	2
130	0.195872E+02 	 0.475698E+00 	 0.219205E+02 	 0.232264E+00 	 0.339053E+00 	 0.192306E-01  	 0.143776E+01 	 0.107524E+01  	12.89     	1
131	0.198446E+02 	 0.273599E+00 	 0.209297E+02 	 0.855508E-01 	 0.113636E+00 	 0.278417E-01  	 -0.212810E+01 	 0.296926E+00  	17.76     	2
132	0.202519E+02 	 0.306260E+00 	 0.253906E+02 	 0.879643E-01 	 0.304546E+00 	 0.262837E-01  	 -0.178122E+01 	 0.490201E+00  	28.33     	1
133	0.201989E+02 	 0.381364E+00 	 0.214922E+02 	 0.115846E+00 	 0.980728E-01 	 0.293730E-01  	 -0.182811E+01 	 0.458751E+00  	19.73     	2
134	0.213041E+02 	 0.497316E+00 	 0.237859E+02 	 0.159212E+00 	 0.283408E+00 	 0.472733E-01  	 -0.487478E+00 	 0.556427E+00  	26.54     	2
135	0.187908E+02 	 0.286086E+00 	 0.215336E+02 	 0.120870E+00 	 0.276537E+00 	 0.973726E-02  	 -0.213638E+01 	 0.101220E+01  	41.61     	1
136	0.194561E+02 	 0.327857E+00 	 0.219718E+02 	 0.901837E-01 	 0.313238E+00 	 0.144100E-01  	 -0.217388E+01 	 0.738241E+00  	34.22     	1
137	0.195336E+02 	 0.275338E+00 	 0.209570E+02 	 0.116840E+00 	 0.149345E+00 	 0.227916E-01  	 -0.226485E+01 	 0.820777E+00  	33.52     	1
138	0.185933E+02 	 0.420883E+00 	 0.197975E+02 	 0.209286E+00 	 0.258354E+00 	 0.170317E-01  	 -0.221909E+01 	 0.114968E+01  	25.10     	1
139	0.209455E+02 	 0.520914E+00 	 0.238727E+02 	 0.178631E+00 	 0.194819E+00 	 0.387399E-01  	 -0.814005E+00 	 0.702571E+00  	28.06     	1
140	0.212958E+02 	 0.175208E+00 	 0.241627E+02 	 0.790188E-01 	 0.179755E+00 	 0.216937E-01  	 -0.135131E+01 	 0.405283E+00  	9.67      	1
141	0.204233E+02 	 0.452315E+00 	 0.216682E+02 	 0.195893E+00 	 0.285854E+00 	 0.229880E-01  	 0.129279E+01 	 0.877536E+00  	28.44     	1
142	0.186060E+02 	 0.319853E+00 	 0.211574E+02 	 0.139297E+00 	 0.274194E+00 	 0.103725E-01  	 -0.212979E+01 	 0.111341E+01  	72.72     	1
143	0.196393E+02 	 0.197439E+00 	 0.206064E+02 	 0.647930E-01 	 0.937567E-01 	 0.195118E-01  	 -0.212566E+01 	 0.289240E+00  	12.07     	2
144	0.196936E+02 	 0.384348E+00 	 0.209956E+02 	 0.111778E+00 	 0.200944E+00 	 0.201831E-01  	 -0.203671E+01 	 0.866854E+00  	14.54     	1
145	0.209450E+02 	 0.574024E+00 	 0.216841E+02 	 0.168991E+00 	 0.200272E+00 	 0.328505E-01  	 -0.549846E+00 	 0.939367E+00  	33.09     	2
146	0.193574E+02 	 0.394148E+00 	 0.215728E+02 	 0.119244E+00 	 0.194555E+00 	 0.145877E-01  	 -0.223923E+01 	 0.108137E+01  	10.14     	1
147	0.199507E+02 	 0.108780E+00 	 0.209181E+02 	 0.550096E-01 	 0.663051E-01 	 0.178070E-01  	 -0.170625E+01 	 0.124358E+00  	12.43     	2
148	0.200043E+02 	 0.474758E+00 	 0.233889E+02 	 0.121005E+00 	 0.355989E+00 	 0.145090E-01  	 -0.105760E+01 	 0.119892E+01  	38.50     	1
149	0.197040E+02 	 0.343568E+00 	 0.221344E+02 	 0.134070E+00 	 0.390133E+00 	 0.208297E-01  	 -0.177446E+01 	 0.104000E+01  	82.87     	1
150	0.199407E+02 	 0.121076E+00 	 0.215814E+02 	 0.416319E-01 	 0.136472E+00 	 0.207910E-01  	 -0.212337E+01 	 0.145120E+00  	27.61     	2
151	0.194621E+02 	 0.238899E+00 	 0.217979E+02 	 0.709698E-01 	 0.150009E+00 	 0.138223E-01  	 -0.212276E+01 	 0.515088E+00  	19.03     	1
152	0.199754E+02 	 0.163239E+00 	 0.250407E+02 	 0.984837E-01 	 0.376543E+00 	 0.323162E-01  	 -0.213096E+01 	 0.281917E+00  	52.93     	2
153	0.206904E+02 	 0.429007E-01 	 0.243870E+02 	 0.186846E-01 	 0.203695E+00 	 0.103747E-01  	 -0.230144E+01 	 0.273261E-01  	38.40     	2
154	0.195987E+02 	 0.417955E+00 	 0.210656E+02 	 0.114386E+00 	 0.310951E+00 	 0.230315E-01  	 -0.213172E+01 	 0.651068E+00  	13.82     	1
155	0.198683E+02 	 0.144224E+00 	 0.213341E+02 	 0.506066E-01 	 0.166146E+00 	 0.206325E-01  	 -0.212127E+01 	 0.158069E+00  	20.04     	1
156	0.195304E+02 	 0.547687E+00 	 0.200080E+02 	 0.273160E+00 	 0.190994E+00 	 0.239857E-01  	 0.130849E+01 	 0.949944E+00  	14.48     	1
157	0.199031E+02 	 0.588819E-01 	 0.218588E+02 	 0.251853E-01 	 0.113662E+00 	 0.144490E-01  	 -0.212299E+01 	 0.565086E-01  	15.10     	1
158	0.196568E+02 	 0.206271E+00 	 0.223957E+02 	 0.694001E-01 	 0.201175E+00 	 0.139945E-01  	 -0.193808E+01 	 0.452298E+00  	20.18     	1
159	0.198831E+02 	 0.155550E+00 	 0.209164E+02 	 0.471653E-01 	 0.817032E-01 	 0.195963E-01  	 -0.213217E+01 	 0.191837E+00  	35.08     	2
160	0.191990E+02 	 0.348415E+00 	 0.228664E+02 	 0.108930E+00 	 0.669206E+00 	 0.115590E-01  	 -0.220788E+01 	 0.114711E+01  	58.90     	1
161	0.195967E+02 	 0.339033E+00 	 0.209709E+02 	 0.917939E-01 	 0.576909E-01 	 0.173648E-01  	 -0.219292E+01 	 0.631336E+00  	17.25     	2
162	0.202743E+02 	 0.446111E+00 	 0.232581E+02 	 0.122552E+00 	 0.262619E+00 	 0.178406E-01  	 -0.109420E+01 	 0.699616E+00  	9.70      	2
163	0.196474E+02 	 0.388716E+00 	 0.204828E+02 	 0.112873E+00 	 0.149582E+00 	 0.264243E-01  	 -0.222872E+01 	 0.794123E+00  	7.81      	1
164	0.181841E+02 	 0.408260E+00 	 0.203060E+02 	 0.204501E+00 	 0.408658E+00 	 0.155374E-01  	 -0.216419E+01 	 0.117272E+01  	47.97     	1
165	0.195992E+02 	 0.159443E+00 	 0.219428E+02 	 0.542390E-01 	 0.106530E+00 	 0.128992E-01  	 -0.214893E+01 	 0.246133E+00  	32.36     	1
166	0.196272E+02 	 0.280963E+00 	 0.228334E+02 	 0.800641E-01 	 0.310405E+00 	 0.146585E-01  	 -0.214595E+01 	 0.430304E+00  	26.38     	1
167	0.207418E+02 	 0.130701E+00 	 0.216837E+02 	 0.346786E-01 	 0.777392E-01 	 0.310013E-01  	 -0.208613E+01 	 0.180660E+00  	95.67     	1
168	0.215751E+02 	 0.698370E+00 	 0.207818E+02 	 0.295153E+00 	 0.577021E-01 	 0.439667E-01  	 0.159240E+01 	 0.774678E+00  	13.03     	1
169	0.200015E+02 	 0.606100E-01 	 0.242829E+02 	 0.280227E-01 	 0.649602E+00 	 0.109431E-01  	 -0.211934E+01 	 0.343178E-01  	111.48    	2
170	0.194076E+02 	 0.436109E+00 	 0.207547E+02 	 0.115764E+00 	 0.103885E+00 	 0.164036E-01  	 -0.215470E+01 	 0.110680E+01  	5.58      	1
171	0.195705E+02 	 0.177680E+00 	 0.213255E+02 	 0.597496E-01 	 0.714612E-01 	 0.155839E-01  	 -0.212263E+01 	 0.294732E+00  	12.52     	1
172	0.197578E+02 	 0.177170E+00 	 0.209093E+02 	 0.604173E-01 	 0.433778E-01 	 0.179605E-01  	 -0.212609E+01 	 0.228764E+00  	23.50     	1
173	0.197866E+02 	 0.222078E+00 	 0.217733E+02 	 0.714011E-01 	 0.196904E+00 	 0.157358E-01  	 -0.226550E+01 	 0.284855E+00  	21.35     	2
174	0.196157E+02 	 0.158734E+00 	 0.236219E+02 	 0.470490E-01 	 0.461587E+00 	 0.991985E-02  	 -0.213018E+01 	 0.266076E+00  	74.34     	1
175	0.182428E+02 	 0.333546E+00 	 0.209268E+02 	 0.165986E+00 	 0.284963E+00 	 0.115877E-01  	 -0.151916E+01 	 0.110574E+01  	37.00     	1
176	0.181670E+02 	 0.151809E+00 	 0.208788E+02 	 0.764120E-01 	 0.256131E+00 	 0.724769E-02  	 -0.212422E+01 	 0.798953E+00  	89.46     	1
177	0.198342E+02 	 0.509287E+00 	 0.218589E+02 	 0.132617E+00 	 0.226303E+00 	 0.185270E-01  	 -0.187689E+01 	 0.104153E+01  	7.37      	2
178	0.196312E+02 	 0.235784E+00 	 0.228997E+02 	 0.785747E-01 	 0.443143E+00 	 0.142580E-01  	 -0.219592E+01 	 0.339936E+00  	35.92     	1
179	0.199034E+02 	 0.249029E+00 	 0.221375E+02 	 0.836958E-01 	 0.213423E+00 	 0.189712E-01  	 -0.199418E+01 	 0.336491E+00  	26.13     	1
180	0.199908E+02 	 0.309831E+00 	 0.210375E+02 	 0.839992E-01 	 0.146491E+00 	 0.327626E-01  	 -0.219442E+01 	 0.382295E+00  	29.86     	2
181	0.198712E+02 	 0.164342E+00 	 0.226443E+02 	 0.454733E-01 	 0.247153E+00 	 0.174676E-01  	 -0.212062E+01 	 0.302494E+00  	23.08     	1
182	0.183322E+02 	 0.221627E+00 	 0.223632E+02 	 0.110289E+00 	 0.440244E+00 	 0.702934E-02  	 -0.212238E+01 	 0.828760E+00  	84.29     	1
183	0.198998E+02 	 0.312889E+00 	 0.218668E+02 	 0.963229E-01 	 0.266185E+00 	 0.191014E-01  	 -0.207153E+01 	 0.452270E+00  	18.76     	1
184	0.196814E+02 	 0.110809E+00 	 0.216792E+02 	 0.750542E-01 	 0.999164E-01 	 0.240931E-01  	 -0.211845E+01 	 0.262857E+00  	97.44     	1
185	0.195689E+02 	 0.437290E+00 	 0.209312E+02 	 0.124795E+00 	 0.117983E+00 	 0.204315E-01  	 -0.221324E+01 	 0.949838E+00  	22.02     	1
NA    NA      NA     NA     NA      NA     NA     NA    NA    NA   3  
 187	0.206118E+02 	 0.123229E+00 	 0.236638E+02 	 0.276228E-01 	 0.207652E+00 	 0.249701E-01  	 -0.217438E+01 	 0.547748E-01  	33.70     	1
188	0.199694E+02 	 0.450411E+00 	 0.241668E+02 	 0.122706E+00 	 0.451886E+00 	 0.520141E-01  	 -0.219609E+01 	 0.568200E+00  	53.68     	2
189	0.198696E+02 	 0.489370E-01 	 0.245374E+02 	 0.259546E-01 	 0.457513E+00 	 0.101573E-01  	 -0.211883E+01 	 0.540305E-01  	34.07     	1
190	0.192995E+02 	 0.315076E+00 	 0.234263E+02 	 0.870764E-01 	 0.267502E+00 	 0.119270E-01  	 -0.212504E+01 	 0.794558E+00  	30.08     	1
191	0.202823E+02 	 0.375210E+00 	 0.243209E+02 	 0.749218E-01 	 0.209162E+00 	 0.716025E-01  	 -0.212039E+01 	 0.508405E+00  	21.61     	2
192	0.196499E+02 	 0.376744E+00 	 0.220325E+02 	 0.181188E+00 	 0.308106E+00 	 0.170676E-01  	 -0.978868E+00 	 0.101892E+01  	31.12     	1
193	0.199540E+02 	 0.235856E+00 	 0.220478E+02 	 0.729192E-01 	 0.252124E+00 	 0.220277E-01  	 -0.228694E+01 	 0.275717E+00  	10.63     	1
194	0.196185E+02 	 0.397257E+00 	 0.219708E+02 	 0.106596E+00 	 0.253833E+00 	 0.162391E-01  	 -0.208019E+01 	 0.103811E+01  	18.88     	1
195	0.199854E+02 	 0.149351E+00 	 0.206904E+02 	 0.682844E-01 	 0.527800E-02 	 0.302429E-01  	 -0.213776E+01 	 0.229413E+00  	43.44     	1
196	0.209399E+02 	 0.247644E+00 	 0.224833E+02 	 0.340578E-01 	 0.167554E+00 	 0.412645E-01  	 -0.188214E+01 	 0.366755E+00  	19.18     	2
197	0.196655E+02 	 0.216613E+00 	 0.206328E+02 	 0.678011E-01 	 0.152876E+00 	 0.224179E-01  	 -0.212335E+01 	 0.288639E+00  	25.50     	2
198	0.200284E+02 	 0.141581E+00 	 0.218772E+02 	 0.467305E-01 	 0.338627E+00 	 0.211606E-01  	 -0.212596E+01 	 0.146909E+00  	23.86     	1
199	0.210557E+02 	 0.149798E+00 	 0.232023E+02 	 0.593666E-01 	 0.204979E+00 	 0.257851E-01  	 -0.203634E+01 	 0.312503E+00  	10.03     	1
200	0.196596E+02 	 0.178659E+00 	 0.209879E+02 	 0.582020E-01 	 0.105186E+00 	 0.172285E-01  	 -0.212366E+01 	 0.229010E+00  	6.59      	2
201	0.199256E+02 	 0.185722E+00 	 0.210648E+02 	 0.582496E-01 	 0.133596E+00 	 0.210690E-01  	 -0.225798E+01 	 0.238996E+00  	7.80      	1
202	0.200051E+02 	 0.404571E+00 	 0.239604E+02 	 0.120517E+00 	 0.607389E+00 	 0.172432E-01  	 -0.142972E+01 	 0.998842E+00  	38.86     	1
203	0.198467E+02 	 0.145805E+00 	 0.228843E+02 	 0.409260E-01 	 0.350361E+00 	 0.154912E-01  	 -0.211961E+01 	 0.204345E+00  	36.14     	1
204	0.205191E+02 	 0.378241E+00 	 0.212470E+02 	 0.116418E+00 	 0.743869E-01 	 0.302763E-01  	 -0.114384E+01 	 0.635674E+00  	6.32      	1
205	0.196738E+02 	 0.374676E+00 	 0.211396E+02 	 0.181754E+00 	 0.199878E+00 	 0.170730E-01  	 0.610813E+00 	 0.104302E+01  	23.32     	1
206	0.224081E+02 	 0.198338E+00 	 0.238006E+02 	 0.985520E-01 	 0.384546E+00 	 0.194093E-01  	 0.160927E+01 	 0.299449E+00  	28.73     	1
207	0.208318E+02 	 0.418101E+00 	 0.216681E+02 	 0.131414E+00 	 0.187043E+00 	 0.308994E-01  	 -0.481912E+00 	 0.870311E+00  	14.05     	1
208	0.194837E+02 	 0.375582E+00 	 0.224346E+02 	 0.103021E+00 	 0.207482E+00 	 0.158724E-01  	 -0.216279E+01 	 0.826403E+00  	50.24     	1
209	0.195973E+02 	 0.297388E+00 	 0.230830E+02 	 0.850236E-01 	 0.222752E+00 	 0.161947E-01  	 -0.221215E+01 	 0.611199E+00  	25.22     	2
210	0.210593E+02 	 0.172777E+00 	 0.260679E+02 	 0.402160E-01 	 0.165114E+00 	 0.627918E-01  	 -0.230119E+01 	 0.692092E-01  	35.52     	1
211	0.176329E+02 	 0.988193E+00 	 0.198905E+02 	 0.502642E+00 	 0.218076E+00 	 0.401742E-01  	 0.124731E+01 	 0.107089E+01  	41.61     	1
212	0.212570E+02 	 0.202425E+00 	 0.249503E+02 	 0.678706E-01 	 0.145226E+00 	 0.311156E-01  	 -0.190085E+01 	 0.314770E+00  	22.10     	2
213	0.196414E+02 	 0.195289E+00 	 0.215495E+02 	 0.691480E-01 	 0.164974E+00 	 0.172344E-01  	 -0.212359E+01 	 0.287452E+00  	36.19     	2
214	0.188207E+02 	 0.331368E+00 	 0.213141E+02 	 0.144211E+00 	 0.154395E+00 	 0.124556E-01  	 -0.213073E+01 	 0.112165E+01  	34.44     	1
215	0.196359E+02 	 0.187209E+00 	 0.219918E+02 	 0.618604E-01 	 0.114401E+00 	 0.151219E-01  	 -0.212796E+01 	 0.287886E+00  	32.02     	1
216	0.210693E+02 	 0.986981E-01 	 0.239974E+02 	 0.419742E-01 	 0.132312E+00 	 0.204155E-01  	 -0.229271E+01 	 0.129878E+00  	33.98     	1
217	0.210666E+02 	 0.663653E-01 	 0.236930E+02 	 0.250668E-01 	 0.377649E-01 	 0.195844E-01  	 -0.229933E+01 	 0.231938E-01  	22.82     	2
218	0.196351E+02 	 0.278134E+00 	 0.230401E+02 	 0.828500E-01 	 0.343608E+00 	 0.160904E-01  	 -0.228979E+01 	 0.559882E+00  	38.29     	1
219	0.192358E+02 	 0.400820E+00 	 0.202502E+02 	 0.199567E+00 	 0.219755E+00 	 0.198825E-01  	 -0.223396E+01 	 0.114980E+01  	34.55     	1
220	0.199344E+02 	 0.156170E+00 	 0.248383E+02 	 0.472571E-01 	 0.440593E+00 	 0.169892E-01  	 -0.212169E+01 	 0.237308E+00  	51.99     	1
221	0.196973E+02 	 0.238752E+00 	 0.237261E+02 	 0.749327E-01 	 0.296788E+00 	 0.165546E-01  	 -0.214980E+01 	 0.376292E+00  	16.29     	1
222	0.196515E+02 	 0.134725E+00 	 0.205108E+02 	 0.609834E-01 	 0.117554E-02 	 0.214244E-01  	 -0.212221E+01 	 0.390286E+00  	44.23     	1
223	0.199530E+02 	 0.703823E-01 	 0.219891E+02 	 0.347460E-01 	 0.162625E+00 	 0.143934E-01  	 -0.192149E+01 	 0.589378E-01  	25.06     	1
224	0.197517E+02 	 0.308483E+00 	 0.208378E+02 	 0.922989E-01 	 0.124363E+00 	 0.217632E-01  	 -0.227187E+01 	 0.500539E+00  	16.49     	1
225	0.197449E+02 	 0.377511E+00 	 0.203809E+02 	 0.150043E+00 	 0.106184E+00 	 0.216197E-01  	 -0.188490E+01 	 0.108604E+01  	11.77     	1
226	0.204806E+02 	 0.476173E+00 	 0.213915E+02 	 0.141655E+00 	 0.165198E+00 	 0.228875E-01  	 -0.748188E+00 	 0.979666E+00  	12.73     	1
227	0.196762E+02 	 0.229067E+00 	 0.205267E+02 	 0.100559E+00 	 0.653539E-01 	 0.299144E-01  	 -0.212610E+01 	 0.570085E+00  	30.34     	1
228	0.200700E+02 	 0.156522E+00 	 0.220504E+02 	 0.465261E-01 	 0.300050E+00 	 0.210542E-01  	 -0.219548E+01 	 0.164370E+00  	8.46      	2
229	0.202756E+02 	 0.339297E+00 	 0.233312E+02 	 0.899754E-01 	 0.400736E+00 	 0.335001E-01  	 -0.210267E+01 	 0.403340E+00  	31.59     	2
230	0.199695E+02 	 0.825228E-01 	 0.233717E+02 	 0.332684E-01 	 0.349831E+00 	 0.138046E-01  	 -0.212290E+01 	 0.455952E-01  	65.57     	1
231	0.197847E+02 	 0.162085E+00 	 0.213924E+02 	 0.515860E-01 	 0.212504E+00 	 0.164303E-01  	 -0.212665E+01 	 0.211802E+00  	21.23     	1
232	0.202631E+02 	 0.722478E-01 	 0.230469E+02 	 0.261926E-01 	 0.326993E+00 	 0.160228E-01  	 -0.211833E+01 	 0.874535E-01  	127.56    	1
233	0.217164E+02 	 0.475175E+00 	 0.245693E+02 	 0.188751E+00 	 0.435748E+00 	 0.286442E-01  	 0.159926E+01 	 0.596231E+00  	74.23     	1
234	0.196584E+02 	 0.247443E+00 	 0.220125E+02 	 0.732797E-01 	 0.203934E+00 	 0.174966E-01  	 -0.214195E+01 	 0.377657E+00  	9.56      	1
235	0.212624E+02 	 0.118793E+00 	 0.231579E+02 	 0.633029E-01 	 0.114694E+00 	 0.184180E-01  	 -0.132693E+01 	 0.251254E+00  	18.96     	1
236	0.198547E+02 	 0.225492E+00 	 0.211180E+02 	 0.726272E-01 	 0.164862E+00 	 0.240841E-01  	 -0.212358E+01 	 0.260871E+00  	13.50     	1
237	0.208939E+02 	 0.498953E+00 	 0.209027E+02 	 0.160774E+00 	 0.807911E-01 	 0.292489E-01  	 -0.385414E+00 	 0.915523E+00  	16.19     	1
238	0.206247E+02 	 0.549576E+00 	 0.226674E+02 	 0.145048E+00 	 0.207174E+00 	 0.203129E-01  	 -0.641990E+00 	 0.105629E+01  	16.42     	1
239	0.200977E+02 	 0.641018E+00 	 0.206491E+02 	 0.277906E+00 	 0.220890E+00 	 0.321911E-01  	 0.151357E+01 	 0.103986E+01  	16.81     	1
240	0.202994E+02 	 0.187900E+00 	 0.210887E+02 	 0.632575E-01 	 0.120962E+00 	 0.320850E-01  	 -0.183265E+01 	 0.192461E+00  	21.56     	1
241	0.195568E+02 	 0.408220E+00 	 0.232021E+02 	 0.121511E+00 	 0.413608E+00 	 0.199441E-01  	 -0.212330E+01 	 0.591505E+00  	22.96     	1
242	0.198991E+02 	 0.284122E+00 	 0.238934E+02 	 0.986536E-01 	 0.754157E+00 	 0.214524E-01  	 -0.211921E+01 	 0.389544E+00  	25.38     	1
243	0.194932E+02 	 0.386556E+00 	 0.226579E+02 	 0.103645E+00 	 0.309577E+00 	 0.141611E-01  	 -0.225049E+01 	 0.974235E+00  	27.96     	1
244	0.195148E+02 	 0.300445E+00 	 0.210346E+02 	 0.100697E+00 	 0.569571E-01 	 0.179418E-01  	 -0.213242E+01 	 0.652148E+00  	31.64     	2
245	0.194413E+02 	 0.355181E+00 	 0.225995E+02 	 0.139935E+00 	 0.277011E+00 	 0.134832E-01  	 -0.168484E+01 	 0.108253E+01  	18.81     	1
246	0.197257E+02 	 0.247592E+00 	 0.218281E+02 	 0.763170E-01 	 0.176318E+00 	 0.187760E-01  	 -0.213098E+01 	 0.321305E+00  	9.84      	1
247	0.196611E+02 	 0.686947E-01 	 0.221644E+02 	 0.389186E-01 	 0.160841E+00 	 0.120468E-01  	 -0.211912E+01 	 0.546516E-01  	24.62     	1
248	0.196780E+02 	 0.144097E+00 	 0.217048E+02 	 0.569004E-01 	 0.148193E+00 	 0.143339E-01  	 -0.214421E+01 	 0.174202E+00  	16.60     	1
249	0.202664E+02 	 0.433223E+00 	 0.219319E+02 	 0.125584E+00 	 0.191122E+00 	 0.202802E-01  	 -0.128386E+01 	 0.936100E+00  	20.79     	1
250	0.198794E+02 	 0.420406E+00 	 0.237705E+02 	 0.123888E+00 	 0.449542E+00 	 0.274316E-01  	 -0.191249E+01 	 0.534633E+00  	56.83     	2
251	0.196572E+02 	 0.300641E+00 	 0.207993E+02 	 0.106104E+00 	 0.839297E-01 	 0.268336E-01  	 -0.214430E+01 	 0.438473E+00  	9.38      	1
252	0.206849E+02 	 0.344365E+00 	 0.207618E+02 	 0.107504E+00 	 0.439959E-02 	 0.255377E-01  	 -0.108364E+01 	 0.425144E+00  	14.48     	2
253	0.196628E+02 	 0.299613E+00 	 0.233707E+02 	 0.932664E-01 	 0.409921E+00 	 0.178664E-01  	 -0.217385E+01 	 0.402953E+00  	14.50     	1
254	0.211985E+02 	 0.743057E+00 	 0.218160E+02 	 0.230840E+00 	 0.224917E+00 	 0.395119E-01  	 -0.885272E-01 	 0.111702E+01  	19.80     	2
255	0.209953E+02 	 0.345291E+00 	 0.211106E+02 	 0.104281E+00 	 0.101149E+00 	 0.492076E-01  	 -0.966676E+00 	 0.370383E+00  	11.14     	1
256	0.196404E+02 	 0.354981E+00 	 0.212683E+02 	 0.109906E+00 	 0.253170E+00 	 0.233073E-01  	 -0.218355E+01 	 0.583228E+00  	44.19     	1
257	0.196598E+02 	 0.127239E+00 	 0.204039E+02 	 0.559336E-01 	 0.488176E-01 	 0.184928E-01  	 -0.212024E+01 	 0.147014E+00  	14.05     	1
258	0.189753E+02 	 0.725842E+00 	 0.217429E+02 	 0.284618E+00 	 0.480430E+00 	 0.353217E-01  	 -0.213036E+01 	 0.123933E+01  	63.13     	1
259	0.186853E+02 	 0.350869E+00 	 0.212429E+02 	 0.166864E+00 	 0.139688E+00 	 0.118415E-01  	 -0.212086E+01 	 0.117024E+01  	23.14     	1
260	0.200617E+02 	 0.729311E-01 	 0.238308E+02 	 0.296865E-01 	 0.410496E+00 	 0.141298E-01  	 -0.211884E+01 	 0.344521E-01  	69.16     	1
261	0.211094E+02 	 0.301840E+00 	 0.242173E+02 	 0.669891E-01 	 0.122013E+00 	 0.110758E+00  	 -0.199784E+01 	 0.178627E+00  	15.36     	1
262	0.211132E+02 	 0.135994E+00 	 0.233737E+02 	 0.819191E-01 	 0.117655E+00 	 0.181297E-01  	 -0.225294E+01 	 0.252264E+00  	18.19     	1
263	0.213298E+02 	 0.146782E+00 	 0.248674E+02 	 0.764903E-01 	 0.118329E+00 	 0.211758E-01  	 -0.160133E+01 	 0.206557E+00  	16.27     	2
264	0.213662E+02 	 0.727592E+00 	 0.215764E+02 	 0.220497E+00 	 0.178336E+00 	 0.303394E-01  	 0.158994E+01 	 0.125927E+01  	25.04     	2
265	0.200118E+02 	 0.140969E+00 	 0.211416E+02 	 0.486095E-01 	 0.141576E+00 	 0.278918E-01  	 -0.211993E+01 	 0.128633E+00  	35.60     	1
NA    NA      NA     NA     NA      NA     NA     NA    NA    NA   3  
 267	0.207663E+02 	 0.286182E+00 	 0.242374E+02 	 0.720491E-01 	 0.450040E+00 	 0.340120E-01  	 -0.132224E+01 	 0.322156E+00  	40.51     	2
268	0.182580E+02 	 0.900591E-01 	 0.221103E+02 	 0.665099E-01 	 0.328126E+00 	 0.502233E-02  	 -0.211845E+01 	 0.501070E-01  	1021.31   	1
269	0.200263E+02 	 0.124936E+00 	 0.237245E+02 	 0.400044E-01 	 0.339574E+00 	 0.182299E-01  	 -0.212587E+01 	 0.167840E+00  	42.67     	1
270	0.197458E+02 	 0.297613E+00 	 0.203404E+02 	 0.920822E-01 	 0.499485E-02 	 0.252635E-01  	 -0.212897E+01 	 0.584031E+00  	19.27     	1
271	0.212511E+02 	 0.296528E+00 	 0.228691E+02 	 0.105360E+00 	 0.243187E+00 	 0.298475E-01  	 -0.337397E+00 	 0.449680E+00  	29.45     	1
272	0.195864E+02 	 0.249504E+00 	 0.245312E+02 	 0.609408E-01 	 0.453335E+00 	 0.111443E-01  	 -0.211849E+01 	 0.419398E+00  	60.13     	2
273	0.195948E+02 	 0.313978E+00 	 0.230151E+02 	 0.867594E-01 	 0.318285E+00 	 0.152125E-01  	 -0.219518E+01 	 0.581035E+00  	27.98     	1
274	0.222808E+02 	 0.629716E+00 	 0.241246E+02 	 0.261064E+00 	 0.363892E+00 	 0.372302E-01  	 0.160761E+01 	 0.671870E+00  	69.20     	1
275	0.198754E+02 	 0.105819E+00 	 0.206504E+02 	 0.426103E-01 	 0.509343E-01 	 0.293506E-01  	 -0.211843E+01 	 0.111158E+00  	26.40     	1
276	0.204924E+02 	 0.384859E+00 	 0.209682E+02 	 0.110589E+00 	 0.151988E+00 	 0.394765E-01  	 -0.161459E+01 	 0.424198E+00  	8.36      	2
277	0.197237E+02 	 0.244728E+00 	 0.204828E+02 	 0.769239E-01 	 0.941553E-01 	 0.301591E-01  	 -0.213143E+01 	 0.433922E+00  	24.66     	1
278	0.203594E+02 	 0.218466E+00 	 0.227041E+02 	 0.437221E-01 	 0.434513E+00 	 0.329495E-01  	 -0.219072E+01 	 0.273144E+00  	20.51     	1
279	0.195136E+02 	 0.403377E+00 	 0.210735E+02 	 0.118829E+00 	 0.163797E+00 	 0.200119E-01  	 -0.212825E+01 	 0.766376E+00  	15.00     	1
280	0.198605E+02 	 0.153395E+00 	 0.218268E+02 	 0.500829E-01 	 0.209608E+00 	 0.203462E-01  	 -0.213088E+01 	 0.178289E+00  	54.25     	2
281	0.202572E+02 	 0.886675E-01 	 0.240087E+02 	 0.276025E-01 	 0.254216E+00 	 0.152285E-01  	 -0.211977E+01 	 0.612462E-01  	105.70    	1
282	0.215218E+02 	 0.377262E+00 	 0.235457E+02 	 0.126417E+00 	 0.813426E-01 	 0.648297E-01  	 -0.931027E+00 	 0.405394E+00  	19.97     	2
283	0.214212E+02 	 0.372747E+00 	 0.229753E+02 	 0.124440E+00 	 0.210472E+00 	 0.231975E-01  	 0.409531E+00 	 0.719103E+00  	24.36     	2
284	0.212598E+02 	 0.129703E+00 	 0.242785E+02 	 0.786311E-01 	 0.194610E+00 	 0.215216E-01  	 -0.184495E+01 	 0.302939E+00  	29.79     	1
285	0.196426E+02 	 0.339820E+00 	 0.228939E+02 	 0.906083E-01 	 0.174562E+00 	 0.152634E-01  	 -0.215894E+01 	 0.557685E+00  	15.47     	2
286	0.184571E+02 	 0.341310E+00 	 0.199844E+02 	 0.170155E+00 	 0.294168E+00 	 0.127334E-01  	 -0.213192E+01 	 0.115647E+01  	17.76     	1
287	0.197583E+02 	 0.221751E+00 	 0.211900E+02 	 0.723157E-01 	 0.103772E+00 	 0.242982E-01  	 -0.211979E+01 	 0.297043E+00  	16.77     	2
288	0.205283E+02 	 0.614514E+00 	 0.220490E+02 	 0.225602E+00 	 0.401796E+00 	 0.544125E-01  	 -0.141886E+01 	 0.830985E+00  	15.24     	1
289	0.205977E+02 	 0.250459E+00 	 0.228435E+02 	 0.651069E-01 	 0.291659E+00 	 0.291129E-01  	 -0.151666E+01 	 0.279902E+00  	14.89     	2
290	0.206070E+02 	 0.936379E-01 	 0.215336E+02 	 0.452159E-01 	 0.177904E-04 	 0.659966E-02  	 -0.208678E+01 	 0.966535E-01  	102.49    	2
291	0.198067E+02 	 0.264241E+00 	 0.231086E+02 	 0.829209E-01 	 0.449746E+00 	 0.216357E-01  	 -0.214347E+01 	 0.372068E+00  	26.13     	1
292	0.207124E+02 	 0.507742E+00 	 0.212951E+02 	 0.176335E+00 	 0.196273E+00 	 0.234816E-01  	 0.662793E+00 	 0.108187E+01  	11.90     	1
293	0.214483E+02 	 0.325810E+00 	 0.223601E+02 	 0.103973E+00 	 0.282322E-01 	 0.493521E-01  	 -0.119707E+01 	 0.463528E+00  	17.04     	2
294	0.210525E+02 	 0.648355E+00 	 0.214598E+02 	 0.243004E+00 	 0.173507E+00 	 0.337729E-01  	 0.160302E+01 	 0.104412E+01  	33.89     	1
295	0.217222E+02 	 0.257532E+00 	 0.237046E+02 	 0.119819E+00 	 0.127354E+00 	 0.278600E-01  	 -0.684603E+00 	 0.412759E+00  	23.50     	1
296	0.196868E+02 	 0.229087E+00 	 0.216465E+02 	 0.808184E-01 	 0.914246E-01 	 0.170084E-01  	 -0.222976E+01 	 0.314101E+00  	25.45     	1
297	0.196456E+02 	 0.251297E+00 	 0.206815E+02 	 0.822278E-01 	 0.157115E+00 	 0.276548E-01  	 -0.212695E+01 	 0.493874E+00  	9.28      	1
298	0.202827E+02 	 0.787472E-01 	 0.238994E+02 	 0.295724E-01 	 0.432405E+00 	 0.150151E-01  	 -0.221443E+01 	 0.534357E-01  	31.97     	1
NA    NA      NA     NA     NA      NA     NA     NA    NA    NA   3  
 300	0.196139E+02 	 0.161155E+00 	 0.209213E+02 	 0.690228E-01 	 0.631387E-01 	 0.181535E-01  	 -0.212606E+01 	 0.299903E+00  	34.14     	1
301	0.191736E+02 	 0.687748E+00 	 0.213578E+02 	 0.277449E+00 	 0.214231E+00 	 0.337691E-01  	 -0.226638E+01 	 0.111773E+01  	30.52     	1
302	0.193088E+02 	 0.651035E+00 	 0.201943E+02 	 0.232131E+00 	 0.142119E+00 	 0.320811E-01  	 -0.214130E+01 	 0.115786E+01  	16.49     	1
303	0.189293E+02 	 0.389766E+00 	 0.218668E+02 	 0.161898E+00 	 0.500426E+00 	 0.140532E-01  	 -0.213737E+01 	 0.115966E+01  	39.84     	1
304	0.210020E+02 	 0.648912E+00 	 0.218872E+02 	 0.198259E+00 	 0.245709E+00 	 0.570199E-01  	 -0.978891E+00 	 0.713314E+00  	6.45      	2
305	0.190622E+02 	 0.534432E+00 	 0.202473E+02 	 0.204387E+00 	 0.137692E+00 	 0.228893E-01  	 -0.213731E+01 	 0.122685E+01  	20.94     	1
306	0.198487E+02 	 0.256310E+00 	 0.231537E+02 	 0.787160E-01 	 0.346460E+00 	 0.220160E-01  	 -0.213986E+01 	 0.363963E+00  	40.87     	1
307	0.195823E+02 	 0.238647E+00 	 0.209653E+02 	 0.822998E-01 	 0.903472E-01 	 0.189343E-01  	 -0.212380E+01 	 0.456457E+00  	11.59     	1
308	0.183761E+02 	 0.733287E+00 	 0.191312E+02 	 0.390487E+00 	 0.132178E+00 	 0.307801E-01  	 0.137055E+01 	 0.106124E+01  	9.40      	1
NA    NA      NA     NA     NA      NA     NA     NA    NA    NA   3  
 310	0.202877E+02 	 0.299510E+00 	 0.212058E+02 	 0.980457E-01 	 0.100718E+00 	 0.313129E-01  	 -0.152930E+01 	 0.365732E+00  	8.38      	1
311	0.211530E+02 	 0.237513E+00 	 0.236178E+02 	 0.918614E-01 	 0.201578E+00 	 0.255828E-01  	 -0.317919E+00 	 0.349989E+00  	17.15     	1
312	0.195338E+02 	 0.470095E+00 	 0.217183E+02 	 0.133554E+00 	 0.184241E+00 	 0.210647E-01  	 -0.217598E+01 	 0.963076E+00  	14.37     	1
313	0.201669E+02 	 0.199201E-01 	 0.227341E+02 	 0.194244E-01 	 0.232720E-03 	 0.233580E-02  	 -0.211834E+01 	 0.112308E-01  	150.23    	1
314	0.196629E+02 	 0.224201E+00 	 0.233314E+02 	 0.726028E-01 	 0.262145E+00 	 0.154247E-01  	 -0.212066E+01 	 0.302537E+00  	26.05     	1
315	0.209963E+02 	 0.250131E+00 	 0.210750E+02 	 0.653656E-01 	 0.982541E-03 	 0.407041E-01  	 -0.169685E+01 	 0.287549E+00  	20.18     	1
316	0.210821E+02 	 0.321044E+00 	 0.246043E+02 	 0.558751E-01 	 0.166990E+00 	 0.113546E+00  	 -0.224455E+01 	 0.194159E+00  	29.90     	1
317	0.197405E+02 	 0.713149E-01 	 0.234812E+02 	 0.454378E-01 	 0.449505E+00 	 0.126162E-01  	 -0.211898E+01 	 0.496331E-01  	51.79     	1
318	0.192875E+02 	 0.703023E+00 	 0.220675E+02 	 0.405678E+00 	 0.249380E+00 	 0.365479E-01  	 -0.228248E+01 	 0.113474E+01  	161.75    	1
319	0.209559E+02 	 0.230224E+00 	 0.247366E+02 	 0.446061E-01 	 0.223330E+00 	 0.744960E-01  	 -0.177928E+01 	 0.231580E+00  	27.81     	2
320	0.193629E+02 	 0.619749E+00 	 0.205471E+02 	 0.206653E+00 	 0.139224E+00 	 0.278825E-01  	 -0.212228E+01 	 0.120490E+01  	11.71     	1
321	0.213183E+02 	 0.210584E+00 	 0.221977E+02 	 0.839813E-01 	 0.431122E-01 	 0.308808E-01  	 -0.108700E+01 	 0.367461E+00  	3.19      	1
322	0.185558E+02 	 0.589965E-01 	 0.239116E+02 	 0.439747E-01 	 0.186882E+00 	 0.592024E-02  	 -0.212044E+01 	 0.347758E-01  	1954.70   	1
323	0.211741E+02 	 0.507227E+00 	 0.225930E+02 	 0.182079E+00 	 0.276000E+00 	 0.260900E-01  	 0.155814E+01 	 0.893699E+00  	30.53     	1
324	0.199104E+02 	 0.607375E-01 	 0.211117E+02 	 0.315180E-01 	 0.452761E-03 	 0.538742E-02  	 -0.211926E+01 	 0.113292E+00  	113.74    	2
325	0.199847E+02 	 0.181584E+00 	 0.247736E+02 	 0.636582E-01 	 0.424546E+00 	 0.287293E-01  	 -0.211878E+01 	 0.257504E+00  	68.25     	2
326	0.212712E+02 	 0.517811E+00 	 0.210111E+02 	 0.193428E+00 	 0.889721E-01 	 0.289150E-01  	 0.147234E+01 	 0.864165E+00  	7.07      	1
327	0.181938E+02 	 0.954512E-01 	 0.206987E+02 	 0.719247E-01 	 0.384862E+00 	 0.596869E-02  	 -0.211848E+01 	 0.602084E-01  	940.92    	1
328	0.188879E+02 	 0.413422E+00 	 0.208860E+02 	 0.182444E+00 	 0.240501E+00 	 0.149572E-01  	 -0.214612E+01 	 0.120188E+01  	18.91     	1
329	0.217076E+02 	 0.986750E+00 	 0.213374E+02 	 0.412260E+00 	 0.225909E+00 	 0.635915E-01  	 0.159994E+01 	 0.103211E+01  	25.33     	1
330	0.201031E+02 	 0.209957E+00 	 0.230006E+02 	 0.597110E-01 	 0.516215E+00 	 0.257197E-01  	 -0.212603E+01 	 0.259323E+00  	26.08     	1
331	0.198601E+02 	 0.176042E+00 	 0.232883E+02 	 0.544502E-01 	 0.301839E+00 	 0.172891E-01  	 -0.212158E+01 	 0.296726E+00  	31.16     	1
332	0.199711E+02 	 0.105082E+00 	 0.217133E+02 	 0.403692E-01 	 0.100292E+00 	 0.186752E-01  	 -0.213393E+01 	 0.103381E+00  	18.06     	1
333	0.185726E+02 	 0.315331E+00 	 0.219024E+02 	 0.151115E+00 	 0.493018E+00 	 0.102967E-01  	 -0.211836E+01 	 0.109475E+01  	44.56     	1
334	0.210091E+02 	 0.100824E+00 	 0.245452E+02 	 0.277944E-01 	 0.160173E+00 	 0.249789E-01  	 -0.198190E+01 	 0.926043E-01  	12.57     	1
335	0.191851E+02 	 0.483464E+00 	 0.228622E+02 	 0.162793E+00 	 0.494953E+00 	 0.163336E-01  	 -0.214372E+01 	 0.122883E+01  	50.35     	1
336	0.199402E+02 	 0.167495E+00 	 0.224135E+02 	 0.507274E-01 	 0.131973E+00 	 0.200061E-01  	 -0.211840E+01 	 0.179938E+00  	44.95     	2
NA    NA      NA     NA     NA      NA     NA     NA    NA    NA   3  
 338	0.194711E+02 	 0.569944E+00 	 0.206563E+02 	 0.198474E+00 	 0.177535E+00 	 0.291357E-01  	 -0.223514E+01 	 0.106237E+01  	6.79      	1
339	0.217651E+02 	 0.212097E+00 	 0.240923E+02 	 0.858577E-01 	 0.179878E+00 	 0.261631E-01  	 0.104993E-01 	 0.391636E+00  	150.73    	1
340	0.194944E+02 	 0.417253E+00 	 0.211254E+02 	 0.155427E+00 	 0.264824E+00 	 0.201244E-01  	 -0.225155E+01 	 0.113098E+01  	22.33     	1
341	0.210582E+02 	 0.128595E+00 	 0.244506E+02 	 0.509315E-01 	 0.171622E+00 	 0.228029E-01  	 -0.153081E+01 	 0.301461E+00  	17.34     	2
342	0.207396E+02 	 0.483935E+00 	 0.220995E+02 	 0.196637E+00 	 0.287555E+00 	 0.263355E-01  	 0.481809E+00 	 0.941411E+00  	28.58     	1
343	0.199559E+02 	 0.100248E+00 	 0.245731E+02 	 0.352899E-01 	 0.451534E+00 	 0.127493E-01  	 -0.212191E+01 	 0.128056E+00  	43.88     	2
344	0.202318E+02 	 0.445900E+00 	 0.209868E+02 	 0.133839E+00 	 0.119423E+00 	 0.288622E-01  	 -0.132036E+01 	 0.854646E+00  	14.43     	1
345	0.196184E+02 	 0.248648E+00 	 0.217234E+02 	 0.798995E-01 	 0.204723E+00 	 0.160372E-01  	 -0.215092E+01 	 0.372013E+00  	12.64     	1
346	0.205883E+02 	 0.226547E+00 	 0.209624E+02 	 0.765214E-01 	 0.145727E-01 	 0.307847E-01  	 -0.186513E+01 	 0.261492E+00  	26.67     	2
347	0.169280E+02 	 0.162437E+00 	 0.200343E+02 	 0.811723E-01 	 0.487488E+00 	 0.795453E-02  	 -0.222464E+01 	 0.113532E+01  	70.40     	1
NA    NA      NA     NA     NA      NA     NA     NA    NA    NA   3  
NA    NA      NA     NA     NA      NA     NA     NA    NA    NA   3  
 350	0.200827E+02 	 0.180174E+00 	 0.210772E+02 	 0.572875E-01 	 0.168258E+00 	 0.323673E-01  	 -0.211965E+01 	 0.187417E+00  	28.15     	1
NA    NA      NA     NA     NA      NA     NA     NA    NA    NA   3  
 352	0.203729E+02 	 0.273800E+00 	 0.218931E+02 	 0.651588E-01 	 0.171645E+00 	 0.443388E-01  	 -0.216253E+01 	 0.307380E+00  	12.32     	1
353	0.206185E+02 	 0.226492E+00 	 0.222771E+02 	 0.673279E-01 	 0.223426E+00 	 0.266029E-01  	 -0.161904E+01 	 0.240520E+00  	14.31     	2
354	0.197518E+02 	 0.294709E+00 	 0.215643E+02 	 0.958945E-01 	 0.221016E+00 	 0.268237E-01  	 -0.211892E+01 	 0.369552E+00  	17.17     	1
355	0.203962E+02 	 0.121284E+00 	 0.237712E+02 	 0.690208E-01 	 0.234625E+00 	 0.201103E-01  	 -0.108481E+01 	 0.112811E+00  	46.56     	2
356	0.208898E+02 	 0.196486E+00 	 0.230951E+02 	 0.283783E-01 	 0.160894E+00 	 0.354312E-01  	 -0.156050E+01 	 0.271228E+00  	12.33     	1
357	0.217088E+02 	 0.465582E+00 	 0.232891E+02 	 0.197233E+00 	 0.374185E+00 	 0.325690E-01  	 0.160128E+01 	 0.513013E+00  	49.57     	1
358	0.195352E+02 	 0.228683E+00 	 0.224368E+02 	 0.846589E-01 	 0.150880E+00 	 0.147869E-01  	 -0.214973E+01 	 0.358041E+00  	14.81     	2
359	0.216883E+02 	 0.883874E+00 	 0.233416E+02 	 0.271556E+00 	 0.399208E+00 	 0.413687E-01  	 0.847134E+00 	 0.128099E+01  	32.22     	2
360	0.195803E+02 	 0.308784E+00 	 0.218332E+02 	 0.940009E-01 	 0.163950E+00 	 0.174100E-01  	 -0.215684E+01 	 0.505699E+00  	40.72     	1
361	0.194319E+02 	 0.549099E+00 	 0.204837E+02 	 0.182970E+00 	 0.179200E+00 	 0.271052E-01  	 -0.216535E+01 	 0.113481E+01  	10.45     	1
362	0.185539E+02 	 0.162416E+00 	 0.221667E+02 	 0.102064E+00 	 0.436347E+00 	 0.669322E-02  	 -0.212064E+01 	 0.350023E+00  	70.86     	1
363	0.197617E+02 	 0.187557E+00 	 0.217431E+02 	 0.645580E-01 	 0.148152E+00 	 0.175897E-01  	 -0.212289E+01 	 0.230095E+00  	46.91     	1
364	0.193818E+02 	 0.429954E+00 	 0.204331E+02 	 0.146306E+00 	 0.824797E-01 	 0.202316E-01  	 -0.213969E+01 	 0.112876E+01  	11.86     	1
365	0.212727E+02 	 0.296593E+00 	 0.246883E+02 	 0.709283E-01 	 0.130433E+00 	 0.954462E-01  	 -0.208963E+01 	 0.201014E+00  	26.08     	2
366	0.199602E+02 	 0.112414E+00 	 0.207366E+02 	 0.490457E-01 	 0.561378E-01 	 0.349383E-01  	 -0.212833E+01 	 0.112231E+00  	116.64    	1
367	0.212565E+02 	 0.425083E+00 	 0.210026E+02 	 0.168161E+00 	 0.838932E-01 	 0.301075E-01  	 0.127329E+00 	 0.700111E+00  	20.95     	1
368	0.194805E+02 	 0.492785E+00 	 0.219301E+02 	 0.153557E+00 	 0.392167E+00 	 0.216982E-01  	 -0.211943E+01 	 0.110606E+01  	43.36     	1
369	0.200483E+02 	 0.461471E+00 	 0.216815E+02 	 0.152136E+00 	 0.182860E+00 	 0.205449E-01  	 -0.120072E+01 	 0.103491E+01  	28.23     	1
370	0.199177E+02 	 0.259579E+00 	 0.228771E+02 	 0.789810E-01 	 0.486747E+00 	 0.250053E-01  	 -0.212257E+01 	 0.301195E+00  	25.93     	2
371	0.199473E+02 	 0.431392E+00 	 0.250462E+02 	 0.105120E+00 	 0.356036E+00 	 0.571647E-01  	 -0.212827E+01 	 0.472932E+00  	28.97     	2
